<?xml version="1.0" encoding="UTF-8"?>
<testng-results skipped="0" failed="0" ignored="0" total="1" passed="1">
  <reporter-output>
  </reporter-output>
  <suite name="Default suite" duration-ms="647948" started-at="2018-07-19T13:06:41Z" finished-at="2018-07-19T13:17:29Z">
    <groups>
    </groups>
    <test name="Default test" duration-ms="647948" started-at="2018-07-19T13:06:41Z" finished-at="2018-07-19T13:17:29Z">
      <class name="FbTest">
        <test-method status="PASS" signature="setup()[pri:0, instance:FbTest@91161c7]" name="setup" is-config="true" duration-ms="9120" started-at="2018-07-19T17:06:41Z" finished-at="2018-07-19T17:06:50Z">
          <reporter-output>
          </reporter-output>
        </test-method> <!-- setup -->
        <test-method status="PASS" signature="begin()[pri:0, instance:FbTest@91161c7]" name="begin" duration-ms="638799" started-at="2018-07-19T17:06:50Z" finished-at="2018-07-19T17:17:29Z">
          <reporter-output>
          </reporter-output>
        </test-method> <!-- begin -->
        <test-method status="PASS" signature="close()[pri:0, instance:FbTest@91161c7]" name="close" is-config="true" duration-ms="0" started-at="2018-07-19T17:17:29Z" finished-at="2018-07-19T17:17:29Z">
          <reporter-output>
          </reporter-output>
        </test-method> <!-- close -->
      </class> <!-- FbTest -->
    </test> <!-- Default test -->
  </suite> <!-- Default suite -->
</testng-results>
